<?xml version="1.0" encoding="UTF-8"?>
<!-- Generated by org.testng.reporters.JUnitXMLReporter -->
<testsuite ignored="0" hostname="LAPTOP-0PN38UC2" failures="0" tests="3" name="Default test" time="26.531" errors="0" timestamp="2020-06-01T12:08:58 EDT">
  <testcase classname="com.hrms.testcase.LoginTest" name="emptyUsernameLogin" time="0.387"/>
  <testcase classname="com.hrms.testcase.LoginTest" name="invalidPasswordLogin" time="1.29"/>
  <testcase classname="com.hrms.testcase.LoginTest" name="validAdminLogin" time="3.09"/>
</testsuite> <!-- Default test -->
