<?xml version="1.0" encoding="UTF-8"?>
<!-- Generated by org.testng.reporters.JUnitXMLReporter -->
<testsuite ignored="3" hostname="LAPTOP-0PN38UC2" failures="0" tests="1" name="Test" time="0.048" errors="0" timestamp="2020-06-01T12:06:58 EDT">
  <testcase classname="com.hrms.testcase.AddEmployeeTest" name="addEmployee" time="0.0">
    <skipped/>
  </testcase> <!-- addEmployee -->
  <testcase classname="com.hrms.testcase.LoginTest" name="invalidPasswordLogin" time="0.0">
    <ignored/>
  </testcase> <!-- invalidPasswordLogin -->
  <testcase classname="com.hrms.testcase.LoginTest" name="validAdminLogin" time="0.0">
    <ignored/>
  </testcase> <!-- validAdminLogin -->
  <testcase classname="com.hrms.testcase.LoginTest" name="emptyUsernameLogin" time="0.0">
    <ignored/>
  </testcase> <!-- emptyUsernameLogin -->
</testsuite> <!-- Test -->
