<?xml version="1.0" encoding="UTF-8"?>
<testng-results ignored="0" total="3" passed="3" failed="0" skipped="0">
  <reporter-output>
  </reporter-output>
  <suite started-at="2020-06-01T12:08:32 EDT" name="Default suite" finished-at="2020-06-01T12:08:58 EDT" duration-ms="26531">
    <groups>
    </groups>
    <test started-at="2020-06-01T12:08:32 EDT" name="Default test" finished-at="2020-06-01T12:08:58 EDT" duration-ms="26531">
      <class name="com.hrms.testcase.LoginTest">
        <test-method is-config="true" signature="setUp()[pri:0, instance:com.hrms.testcase.LoginTest@53aad5d5]" started-at="2020-06-01T12:08:32 EDT" name="setUp" finished-at="2020-06-01T12:08:40 EDT" duration-ms="8584" status="PASS">
          <reporter-output>
          </reporter-output>
        </test-method> <!-- setUp -->
        <test-method signature="emptyUsernameLogin()[pri:0, instance:com.hrms.testcase.LoginTest@53aad5d5]" started-at="2020-06-01T12:08:40 EDT" name="emptyUsernameLogin" finished-at="2020-06-01T12:08:41 EDT" duration-ms="387" status="PASS">
          <reporter-output>
          </reporter-output>
        </test-method> <!-- emptyUsernameLogin -->
        <test-method is-config="true" signature="tearDown()[pri:0, instance:com.hrms.testcase.LoginTest@53aad5d5]" started-at="2020-06-01T12:08:41 EDT" name="tearDown" finished-at="2020-06-01T12:08:41 EDT" duration-ms="690" status="PASS">
          <reporter-output>
          </reporter-output>
        </test-method> <!-- tearDown -->
        <test-method is-config="true" signature="setUp()[pri:0, instance:com.hrms.testcase.LoginTest@53aad5d5]" started-at="2020-06-01T12:08:41 EDT" name="setUp" finished-at="2020-06-01T12:08:46 EDT" duration-ms="4327" status="PASS">
          <reporter-output>
          </reporter-output>
        </test-method> <!-- setUp -->
        <test-method signature="invalidPasswordLogin()[pri:0, instance:com.hrms.testcase.LoginTest@53aad5d5]" started-at="2020-06-01T12:08:46 EDT" name="invalidPasswordLogin" finished-at="2020-06-01T12:08:47 EDT" duration-ms="1290" status="PASS">
          <reporter-output>
          </reporter-output>
        </test-method> <!-- invalidPasswordLogin -->
        <test-method is-config="true" signature="tearDown()[pri:0, instance:com.hrms.testcase.LoginTest@53aad5d5]" started-at="2020-06-01T12:08:47 EDT" name="tearDown" finished-at="2020-06-01T12:08:48 EDT" duration-ms="682" status="PASS">
          <reporter-output>
          </reporter-output>
        </test-method> <!-- tearDown -->
        <test-method is-config="true" signature="setUp()[pri:0, instance:com.hrms.testcase.LoginTest@53aad5d5]" started-at="2020-06-01T12:08:48 EDT" name="setUp" finished-at="2020-06-01T12:08:54 EDT" duration-ms="6698" status="PASS">
          <reporter-output>
          </reporter-output>
        </test-method> <!-- setUp -->
        <test-method signature="validAdminLogin()[pri:0, instance:com.hrms.testcase.LoginTest@53aad5d5]" started-at="2020-06-01T12:08:54 EDT" name="validAdminLogin" finished-at="2020-06-01T12:08:58 EDT" duration-ms="3090" status="PASS">
          <reporter-output>
          </reporter-output>
        </test-method> <!-- validAdminLogin -->
        <test-method is-config="true" signature="tearDown()[pri:0, instance:com.hrms.testcase.LoginTest@53aad5d5]" started-at="2020-06-01T12:08:58 EDT" name="tearDown" finished-at="2020-06-01T12:08:58 EDT" duration-ms="649" status="PASS">
          <reporter-output>
          </reporter-output>
        </test-method> <!-- tearDown -->
      </class> <!-- com.hrms.testcase.LoginTest -->
    </test> <!-- Default test -->
  </suite> <!-- Default suite -->
</testng-results>
